Base path: /Applications/Unity/Unity.app/Contents
Cmd: getPlatforms
Cmd: disassembleShader
  api=5 insize=5889 outsize=5889 ok=1
Cmd: disassembleShader
  api=23 insize=1769 outsize=1769 ok=1
Cmd: disassembleShader
  api=23 insize=1769 outsize=1769 ok=1
Cmd: disassembleShader
  api=23 insize=1769 outsize=1769 ok=1
Cmd: disassembleShader
  api=23 insize=4610 outsize=4610 ok=1
Cmd: disassembleShader
  api=23 insize=2915 outsize=2915 ok=1
Cmd: disassembleShader
  api=23 insize=4328 outsize=4328 ok=1
Cmd: disassembleShader
  api=23 insize=1133 outsize=1133 ok=1
Cmd: disassembleShader
  api=5 insize=3921 outsize=3921 ok=1
Cmd: disassembleShader
  api=23 insize=1230 outsize=1230 ok=1
Cmd: disassembleShader
  api=23 insize=2452 outsize=2452 ok=1
Cmd: disassembleShader
  api=23 insize=3435 outsize=3435 ok=1
Cmd: disassembleShader
  api=23 insize=4363 outsize=4363 ok=1
Cmd: disassembleShader
  api=23 insize=1402 outsize=1402 ok=1
Cmd: disassembleShader
  api=23 insize=753 outsize=753 ok=1
Cmd: disassembleShader
  api=23 insize=4030 outsize=4030 ok=1
Cmd: disassembleShader
  api=5 insize=833 outsize=833 ok=1
Cmd: disassembleShader
  api=5 insize=2369 outsize=2369 ok=1
Cmd: disassembleShader
  api=23 insize=1050 outsize=1050 ok=1
Cmd: disassembleShader
  api=23 insize=4030 outsize=4030 ok=1
Cmd: disassembleShader
  api=5 insize=4240 outsize=4240 ok=1
Cmd: disassembleShader
  api=23 insize=1230 outsize=1230 ok=1
Cmd: disassembleShader
  api=23 insize=1402 outsize=1402 ok=1
Cmd: disassembleShader
  api=23 insize=2452 outsize=2452 ok=1
Cmd: disassembleShader
  api=23 insize=5331 outsize=5331 ok=1
Cmd: disassembleShader
  api=23 insize=5244 outsize=5244 ok=1
Cmd: disassembleShader
  api=23 insize=5761 outsize=5761 ok=1
Cmd: disassembleShader
  api=23 insize=5667 outsize=5667 ok=1
Cmd: disassembleShader
  api=23 insize=753 outsize=753 ok=1
Cmd: disassembleShader
  api=23 insize=3986 outsize=3986 ok=1
Cmd: disassembleShader
  api=23 insize=4198 outsize=4198 ok=1
Cmd: disassembleShader
  api=5 insize=6523 outsize=6523 ok=1
Cmd: disassembleShader
  api=5 insize=6835 outsize=6835 ok=1
Cmd: disassembleShader
  api=5 insize=6287 outsize=6287 ok=1
Cmd: disassembleShader
  api=23 insize=5827 outsize=5827 ok=1
Cmd: disassembleShader
  api=23 insize=5733 outsize=5733 ok=1
Cmd: disassembleShader
  api=23 insize=5691 outsize=5691 ok=1
Cmd: disassembleShader
  api=5 insize=872 outsize=872 ok=1
Cmd: disassembleShader
  api=5 insize=3332 outsize=3332 ok=1
Cmd: disassembleShader
  api=5 insize=4240 outsize=4240 ok=1
Cmd: disassembleShader
  api=23 insize=1402 outsize=1402 ok=1
Cmd: disassembleShader
  api=5 insize=833 outsize=833 ok=1
Cmd: disassembleShader
  api=23 insize=3635 outsize=3635 ok=1
Cmd: disassembleShader
  api=23 insize=5539 outsize=5539 ok=1
Cmd: disassembleShader
  api=23 insize=5408 outsize=5408 ok=1
Cmd: disassembleShader
  api=23 insize=5667 outsize=5667 ok=1
Cmd: disassembleShader
  api=23 insize=5455 outsize=5455 ok=1
Cmd: disassembleShader
  api=23 insize=753 outsize=753 ok=1
Cmd: disassembleShader
  api=5 insize=6634 outsize=6634 ok=1
Cmd: disassembleShader
  api=5 insize=8973 outsize=8973 ok=1
Cmd: disassembleShader
  api=23 insize=5559 outsize=5559 ok=1
Cmd: disassembleShader
  api=23 insize=5605 outsize=5605 ok=1
Cmd: disassembleShader
  api=23 insize=5559 outsize=5559 ok=1
Cmd: disassembleShader
  api=5 insize=7598 outsize=7598 ok=1
Cmd: disassembleShader
  api=5 insize=7462 outsize=7462 ok=1
Cmd: disassembleShader
  api=23 insize=5466 outsize=5466 ok=1
Cmd: disassembleShader
  api=5 insize=2081 outsize=2081 ok=1
Cmd: disassembleShader
  api=23 insize=2106 outsize=2106 ok=1
Cmd: disassembleShader
  api=23 insize=3435 outsize=3435 ok=1
Cmd: disassembleShader
  api=23 insize=4363 outsize=4363 ok=1
Cmd: disassembleShader
  api=5 insize=1496 outsize=1496 ok=1
Cmd: disassembleShader
  api=5 insize=2081 outsize=2081 ok=1
Cmd: disassembleShader
  api=5 insize=3332 outsize=3332 ok=1
Cmd: disassembleShader
  api=23 insize=4363 outsize=4363 ok=1
Cmd: disassembleShader
  api=5 insize=1496 outsize=1496 ok=1
Cmd: disassembleShader
  api=23 insize=2452 outsize=2452 ok=1
Cmd: disassembleShader
  api=23 insize=1402 outsize=1402 ok=1
Cmd: disassembleShader
  api=23 insize=1050 outsize=1050 ok=1
Cmd: disassembleShader
  api=5 insize=5889 outsize=5889 ok=1
Cmd: disassembleShader
  api=5 insize=6571 outsize=6571 ok=1
Cmd: disassembleShader
  api=23 insize=1769 outsize=1769 ok=1
Cmd: disassembleShader
  api=23 insize=1769 outsize=1769 ok=1
Cmd: disassembleShader
  api=5 insize=2749 outsize=2749 ok=1
Cmd: disassembleShader
  api=5 insize=1322 outsize=1322 ok=1
Cmd: disassembleShader
  api=23 insize=4610 outsize=4610 ok=1
Cmd: disassembleShader
  api=5 insize=4323 outsize=4323 ok=1
Cmd: disassembleShader
  api=23 insize=1750 outsize=1750 ok=1
Cmd: disassembleShader
  api=23 insize=1133 outsize=1133 ok=1
Cmd: disassembleShader
  api=23 insize=3435 outsize=3435 ok=1
Cmd: disassembleShader
  api=5 insize=4240 outsize=4240 ok=1
Cmd: disassembleShader
  api=5 insize=833 outsize=833 ok=1
Cmd: disassembleShader
  api=23 insize=4030 outsize=4030 ok=1
Cmd: disassembleShader
  api=23 insize=1230 outsize=1230 ok=1
Cmd: disassembleShader
  api=23 insize=2452 outsize=2452 ok=1
Cmd: disassembleShader
  api=23 insize=3435 outsize=3435 ok=1
Cmd: disassembleShader
  api=5 insize=4240 outsize=4240 ok=1
Cmd: disassembleShader
  api=5 insize=833 outsize=833 ok=1
Unhandled exception: Protocol error - failed to read correct magic number

Quitting shader compiler process
